

Started GET "/users" for 127.0.0.1 at 2014-09-02 19:10:40 +0300

ActionController::RoutingError (No route matches [GET] "/users"):
  actionpack (4.1.5) lib/action_dispatch/middleware/debug_exceptions.rb:21:in `call'
  actionpack (4.1.5) lib/action_dispatch/middleware/show_exceptions.rb:30:in `call'
  railties (4.1.5) lib/rails/rack/logger.rb:38:in `call_app'
  railties (4.1.5) lib/rails/rack/logger.rb:20:in `block in call'
  activesupport (4.1.5) lib/active_support/tagged_logging.rb:68:in `block in tagged'
  activesupport (4.1.5) lib/active_support/tagged_logging.rb:26:in `tagged'
  activesupport (4.1.5) lib/active_support/tagged_logging.rb:68:in `tagged'
  railties (4.1.5) lib/rails/rack/logger.rb:20:in `call'
  actionpack (4.1.5) lib/action_dispatch/middleware/request_id.rb:21:in `call'
  rack (1.5.2) lib/rack/methodoverride.rb:21:in `call'
  rack (1.5.2) lib/rack/runtime.rb:17:in `call'
  activesupport (4.1.5) lib/active_support/cache/strategy/local_cache_middleware.rb:26:in `call'
  rack (1.5.2) lib/rack/lock.rb:17:in `call'
  actionpack (4.1.5) lib/action_dispatch/middleware/static.rb:64:in `call'
  rack (1.5.2) lib/rack/sendfile.rb:112:in `call'
  railties (4.1.5) lib/rails/engine.rb:514:in `call'
  railties (4.1.5) lib/rails/application.rb:144:in `call'
  rack (1.5.2) lib/rack/lock.rb:17:in `call'
  rack (1.5.2) lib/rack/content_length.rb:14:in `call'
  rack (1.5.2) lib/rack/handler/webrick.rb:60:in `service'
  c:/row/Ruby200/lib/ruby/2.0.0/webrick/httpserver.rb:138:in `service'
  c:/row/Ruby200/lib/ruby/2.0.0/webrick/httpserver.rb:94:in `run'
  c:/row/Ruby200/lib/ruby/2.0.0/webrick/server.rb:295:in `block in start_thread'


  Rendered c:/row/Ruby200/lib/ruby/gems/2.0.0/gems/actionpack-4.1.5/lib/action_dispatch/middleware/templates/rescues/_trace.html.erb (2.0ms)
  Rendered c:/row/Ruby200/lib/ruby/gems/2.0.0/gems/actionpack-4.1.5/lib/action_dispatch/middleware/templates/routes/_table.html.erb (44.0ms)
  Rendered c:/row/Ruby200/lib/ruby/gems/2.0.0/gems/actionpack-4.1.5/lib/action_dispatch/middleware/templates/rescues/routing_error.html.erb within rescues/layout (194.0ms)


Started GET "/" for 127.0.0.1 at 2014-09-02 19:10:51 +0300
Processing by Rails::WelcomeController#index as HTML
  Rendered c:/row/Ruby200/lib/ruby/gems/2.0.0/gems/railties-4.1.5/lib/rails/templates/rails/welcome/index.html.erb (25.0ms)
Completed 200 OK in 118ms (Views: 66.0ms | ActiveRecord: 0.0ms)


Started GET "/rails/info/properties" for 127.0.0.1 at 2014-09-02 19:11:52 +0300
Processing by Rails::InfoController#properties as HTML
  Rendered c:/row/Ruby200/lib/ruby/gems/2.0.0/gems/railties-4.1.5/lib/rails/templates/rails/info/properties.html.erb (1.0ms)
Completed 200 OK in 589ms (Views: 192.0ms | ActiveRecord: 8.0ms)


Started GET "/" for 127.0.0.1 at 2014-09-02 19:13:38 +0300
Processing by Rails::WelcomeController#index as HTML
  Rendered c:/row/Ruby200/lib/ruby/gems/2.0.0/gems/railties-4.1.5/lib/rails/templates/rails/welcome/index.html.erb (6.0ms)
Completed 200 OK in 67ms (Views: 36.0ms | ActiveRecord: 0.0ms)


Started GET "/rails/info/properties" for 127.0.0.1 at 2014-09-02 19:13:41 +0300
Processing by Rails::InfoController#properties as HTML
  Rendered c:/row/Ruby200/lib/ruby/gems/2.0.0/gems/railties-4.1.5/lib/rails/templates/rails/info/properties.html.erb (1.0ms)
Completed 200 OK in 116ms (Views: 42.0ms | ActiveRecord: 5.0ms)


Started GET "/" for 127.0.0.1 at 2014-09-03 09:15:55 +0300
Processing by Rails::WelcomeController#index as HTML
  Rendered C:/row/Ruby200/lib/ruby/gems/2.0.0/gems/railties-4.1.5/lib/rails/templates/rails/welcome/index.html.erb (12.0ms)
Completed 200 OK in 343ms (Views: 264.0ms | ActiveRecord: 0.0ms)


Started GET "/rails/info/properties" for 127.0.0.1 at 2014-09-03 09:16:02 +0300
Processing by Rails::InfoController#properties as HTML
  Rendered C:/row/Ruby200/lib/ruby/gems/2.0.0/gems/railties-4.1.5/lib/rails/templates/rails/info/properties.html.erb (2.0ms)
Completed 200 OK in 359ms (Views: 83.0ms | ActiveRecord: 11.0ms)
